<?xml version="1.0" encoding="UTF-8"?>
<!-- Generated by org.testng.reporters.JUnitReportReporter -->
<testsuite hostname="DESKTOP-9IJFNN4" failures="0" tests="1" name="tests.AddtoCartTest" time="0.813" errors="0" timestamp="2025-08-11T21:42:02 IST" skipped="0">
  <testcase classname="tests.AddtoCartTest" name="add" time="0.813"/>
</testsuite> <!-- tests.AddtoCartTest -->
