<?xml version="1.0" encoding="UTF-8"?>
<!-- Generated by org.testng.reporters.JUnitReportReporter -->
<testsuite hostname="DESKTOP-9IJFNN4" failures="0" tests="1" name="tests.ProductSearchTest" time="5.001" errors="0" timestamp="2025-08-11T21:42:02 IST" skipped="0">
  <testcase classname="tests.ProductSearchTest" name="search" time="5.001"/>
</testsuite> <!-- tests.ProductSearchTest -->
