<?xml version="1.0" encoding="UTF-8"?>
<!-- Generated by org.testng.reporters.JUnitReportReporter -->
<testsuite hostname="DESKTOP-9IJFNN4" failures="0" tests="1" name="tests.FilteringProductsTests" time="7.336" errors="0" timestamp="2025-08-11T21:42:02 IST" skipped="0">
  <testcase classname="tests.FilteringProductsTests" name="filter" time="7.336"/>
</testsuite> <!-- tests.FilteringProductsTests -->
